OpenROAD v2.0-6895-g5c85b36f8 
This program is licensed under the BSD-3 license. See the LICENSE file for details.
Components of this program may be licensed under more restrictive licenses which must be honored.
[INFO ODB-0222] Reading LEF file: /home/ativi07/Desktop/openfasoc/openfasoc/generators/analog_async_up_down-gen/flow/../../../common/platforms/sky130hd/lef/sky130_fd_sc_hd.tlef
[INFO ODB-0223]     Created 13 technology layers
[INFO ODB-0224]     Created 25 technology vias
[INFO ODB-0226] Finished LEF file:  /home/ativi07/Desktop/openfasoc/openfasoc/generators/analog_async_up_down-gen/flow/../../../common/platforms/sky130hd/lef/sky130_fd_sc_hd.tlef
[INFO ODB-0222] Reading LEF file: /home/ativi07/Desktop/openfasoc/openfasoc/generators/analog_async_up_down-gen/flow/../../../common/platforms/sky130hd/lef/sky130_fd_sc_hd_merged.lef
[INFO ODB-0225]     Created 441 library cells
[INFO ODB-0226] Finished LEF file:  /home/ativi07/Desktop/openfasoc/openfasoc/generators/analog_async_up_down-gen/flow/../../../common/platforms/sky130hd/lef/sky130_fd_sc_hd_merged.lef
[INFO ODB-0222] Reading LEF file: ../blocks/sky130hd/lef/ONEBITADC_0.lef
[INFO ODB-0225]     Created 1 library cells
[INFO ODB-0226] Finished LEF file:  ../blocks/sky130hd/lef/ONEBITADC_0.lef
[INFO ODB-0222] Reading LEF file: ../blocks/sky130hd/lef/RINGOSC_0.lef
[INFO ODB-0225]     Created 3 library cells
[INFO ODB-0226] Finished LEF file:  ../blocks/sky130hd/lef/RINGOSC_0.lef
number instances in verilog is 3
[WARNING IFP-0028] Core area lower left (15.000, 15.000) snapped to (15.180, 16.320).
[INFO IFP-0001] Added 60 rows of 358 sites.
[INFO RSZ-0026] Removed 1 buffers.
Default units for flow
 time 1ns
 capacitance 1pF
 resistance 1kohm
 voltage 1v
 current 1mA
 power 1nW
 distance 1um

==========================================================================
floorplan final report_tns
--------------------------------------------------------------------------
tns 0.00

==========================================================================
floorplan final report_wns
--------------------------------------------------------------------------
wns 0.00

==========================================================================
floorplan final report_worst_slack
--------------------------------------------------------------------------
worst slack INF

==========================================================================
floorplan final report_clock_skew
--------------------------------------------------------------------------

==========================================================================
floorplan final report_checks -path_delay min
--------------------------------------------------------------------------
No paths found.

==========================================================================
floorplan final report_checks -path_delay max
--------------------------------------------------------------------------
No paths found.

==========================================================================
floorplan final report_checks -unconstrained
--------------------------------------------------------------------------
No paths found.

==========================================================================
floorplan final report_power
--------------------------------------------------------------------------
Group                  Internal  Switching    Leakage      Total
                          Power      Power      Power      Power (Watts)
----------------------------------------------------------------
Sequential             0.00e+00   0.00e+00   0.00e+00   0.00e+00   0.0%
Combinational          0.00e+00   0.00e+00   6.48e-12   6.48e-12 100.0%
Macro                  0.00e+00   0.00e+00   0.00e+00   0.00e+00   0.0%
Pad                    0.00e+00   0.00e+00   0.00e+00   0.00e+00   0.0%
----------------------------------------------------------------
Total                  0.00e+00   0.00e+00   6.48e-12   6.48e-12 100.0%
                           0.0%       0.0%     100.0%

==========================================================================
floorplan final report_design_area
--------------------------------------------------------------------------
Design area 8 u^2 0% utilization.

Elapsed time: 0:00.76[h:]min:sec. CPU time: user 0.46 sys 0.28 (97%). Peak memory: 104720KB.
