OpenROAD v2.0-6895-g5c85b36f8 
This program is licensed under the BSD-3 license. See the LICENSE file for details.
Components of this program may be licensed under more restrictive licenses which must be honored.
[INFO GRT-0020] Min routing layer: met1
[INFO GRT-0021] Max routing layer: met5
[INFO GRT-0022] Global adjustment: 0%
[INFO GRT-0023] Grid origin: (0, 0)
[INFO GRT-0043] No OR_DEFAULT vias defined.
[INFO GRT-0088] Layer li1     Track-Pitch = 0.4600  line-2-Via Pitch: 0.3400
[INFO GRT-0088] Layer met1    Track-Pitch = 0.3400  line-2-Via Pitch: 0.3400
[INFO GRT-0088] Layer met2    Track-Pitch = 0.4600  line-2-Via Pitch: 0.3500
[INFO GRT-0088] Layer met3    Track-Pitch = 0.6800  line-2-Via Pitch: 0.6150
[INFO GRT-0088] Layer met4    Track-Pitch = 0.9200  line-2-Via Pitch: 1.0400
[INFO GRT-0088] Layer met5    Track-Pitch = 3.4000  line-2-Via Pitch: 3.1100
[INFO GRT-0019] Found 0 clock nets.
[INFO GRT-0001] Minimum degree: 2
[INFO GRT-0002] Maximum degree: 2
[INFO GRT-0003] Macros: 0
[INFO GRT-0004] Blockages: 0

[INFO GRT-0053] Routing resources analysis:
          Routing      Original      Derated      Resource
Layer     Direction    Resources     Resources    Reduction (%)
---------------------------------------------------------------
li1        Vertical            0             0          0.00%
met1       Horizontal      36980         23786          35.68%
met2       Vertical        27735         18512          33.25%
met3       Horizontal      18490         12111          34.50%
met4       Vertical        11094          6210          44.02%
met5       Horizontal       3698          1756          52.51%
---------------------------------------------------------------

[INFO GRT-0197] Via related to pin nodes: 6
[INFO GRT-0198] Via related Steiner nodes: 0
[INFO GRT-0199] Via filling finished.
[INFO GRT-0111] Final number of vias: 6
[INFO GRT-0112] Final usage 3D: 35

[INFO GRT-0096] Final congestion report:
Layer         Resource        Demand        Usage (%)    Max H / Max V / Total Overflow
---------------------------------------------------------------------------------------
li1                  0             0            0.00%             0 /  0 /  0
met1             23786             2            0.01%             0 /  0 /  0
met2             18512            15            0.08%             0 /  0 /  0
met3             12111             0            0.00%             0 /  0 /  0
met4              6210             0            0.00%             0 /  0 /  0
met5              1756             0            0.00%             0 /  0 /  0
---------------------------------------------------------------------------------------
Total            62375            17            0.03%             0 /  0 /  0

[INFO GRT-0018] Total wirelength: 213 um
[INFO GRT-0014] Routed nets: 2

==========================================================================
check_antennas
--------------------------------------------------------------------------
[WARNING ANT-0011] -report_violating_nets is deprecated.
[INFO GRT-0043] No OR_DEFAULT vias defined.
[INFO ANT-0002] Found 0 net violations.
[INFO ANT-0001] Found 0 pin violations.
[WARNING FLW-0006] No clocks found.
[INFO FLW-0011] Path endpoint count 0
Elapsed time: 0:00.63[h:]min:sec. CPU time: user 0.55 sys 0.08 (100%). Peak memory: 159180KB.
