OpenROAD v2.0-6895-g5c85b36f8 
This program is licensed under the BSD-3 license. See the LICENSE file for details.
Components of this program may be licensed under more restrictive licenses which must be honored.
[INFO] Deleted 0 routing obstructions
[INFO RCX-0431] Defined process_corner X with ext_model_index 0
[INFO RCX-0029] Defined extraction corner X
[INFO RCX-0008] extracting parasitics of analog_async_up_down ...
[INFO RCX-0435] Reading extraction model file /home/ativi07/Desktop/openfasoc/openfasoc/generators/analog_async_up_down-gen/flow/../../../common/platforms/sky130hd/rcx_patterns.rules ...
[INFO RCX-0436] RC segment generation analog_async_up_down (max_merge_res 50.0) ...
[INFO RCX-0040] Final 4 rc segments
[INFO RCX-0439] Coupling Cap extraction analog_async_up_down ...
[INFO RCX-0440] Coupling threshhold is 0.1000 fF, coupling capacitance less than 0.1000 fF will be grounded.
[INFO RCX-0043] 670 wires to be extracted
[INFO RCX-0442] 95% completion -- 637 wires have been extracted
[INFO RCX-0442] 100% completion -- 670 wires have been extracted
[INFO RCX-0045] Extract 4 nets, 6 rsegs, 6 caps, 0 ccs
[INFO RCX-0015] Finished extracting analog_async_up_down.
[INFO RCX-0016] Writing SPEF ...
[INFO RCX-0443] 3 nets finished
[INFO RCX-0017] Finished writing SPEF ...
Error: final_report.tcl, 55 invalid command name "Static"
Command exited with non-zero status 1
Elapsed time: 0:00.47[h:]min:sec. CPU time: user 0.28 sys 0.18 (99%). Peak memory: 113376KB.
